<?xml version="1.0" encoding="UTF-8"?>
<testsuites name="BCONMobile" time="259" tests="1" failures="1" errors="0">
   <testsuite name="BCONMobile" tests="1" failures="1" errors="0" time="259" timestamp="2018-01-15 09:20:45" hostname="Pasindu - DESKTOP-41D70DC" id="Test Suites/BCONMobile">
      <properties>
         <property name="deviceName" value="samsung SM-G532G 6.0.1"/>
         <property name="devicePlatform" value=""/>
         <property name="logFolder" value="C:\\Users\\Pasindu\\git\\Katalon_BCON_Mobile\\Reports\\BCONMobile\\20180115_092039"/>
         <property name="logFiles" value="C:\\Users\\Pasindu\\git\\Katalon_BCON_Mobile\\Reports\\BCONMobile\\20180115_092039\\appium.log, C:\\Users\\Pasindu\\git\\Katalon_BCON_Mobile\\Reports\\BCONMobile\\20180115_092039\\execution0.log"/>
         <property name="attachments" value=""/>
         <property name="hostName" value="Pasindu - DESKTOP-41D70DC"/>
         <property name="os" value="Windows 10 64bit"/>
         <property name="katalonVersion" value="5.2.0.1"/>
         <property name="deviceOS" value="Android"/>
         <property name="appiumVersion" value="1.7.2"/>
         <property name="deviceModel" value="SM-G532G"/>
         <property name="hostAddress" value="192.168.8.104"/>
         <property name="deviceManufacturer" value="samsung"/>
         <property name="deviceId" value="92013592309a8469"/>
         <property name="deviceName" value="samsung SM-G532G 6.0.1"/>
         <property name="deviceOSVersion" value="6.0.1"/>
      </properties>
      <testcase name="Test Cases/SignIn" classname="Test Cases/SignIn" status="PASSED">
         <system-out><![CDATA[2018-01-15 09:20:45 - [TEST_CASE][PASSED] - Test Cases/SignIn: Test Cases/SignIn

2018-01-15 09:20:45 - [TEST_STEP][PASSED] - startApplication: Started app at: 'C:\Users\Pasindu\Desktop\Avonet\drive-download-20180104T074633Z-001\app-passenger.apk'

2018-01-15 09:22:28 - [MESSAGE][PASSED] - Started app at: 'C:\Users\Pasindu\Desktop\Avonet\drive-download-20180104T074633Z-001\app-passenger.apk'

2018-01-15 09:22:28 - [TEST_STEP][PASSED] - tap: Tapped on element 'Object Repository/SignIN/android.view.ViewGroup7'

2018-01-15 09:22:28 - [MESSAGE][WARNING] - Timeout '0' is invalid. Using default page load timeout: '30'

2018-01-15 09:22:34 - [MESSAGE][PASSED] - Tapped on element 'Object Repository/SignIN/android.view.ViewGroup7'

2018-01-15 09:22:34 - [TEST_STEP][PASSED] - setText: Text '0715645545' has been set to element 'Object Repository/SignIN/android.widget.EditText0 - Mobile Number'

2018-01-15 09:22:34 - [MESSAGE][WARNING] - Timeout '0' is invalid. Using default page load timeout: '30'

2018-01-15 09:22:43 - [MESSAGE][PASSED] - Text '0715645545' has been set to element 'Object Repository/SignIN/android.widget.EditText0 - Mobile Number'

2018-01-15 09:22:43 - [TEST_STEP][PASSED] - setText: Text 'password123' has been set to element 'Object Repository/SignIN/android.widget.EditText1'

2018-01-15 09:22:43 - [MESSAGE][WARNING] - Timeout '0' is invalid. Using default page load timeout: '30'

2018-01-15 09:22:54 - [MESSAGE][PASSED] - Text 'password123' has been set to element 'Object Repository/SignIN/android.widget.EditText1'

2018-01-15 09:22:54 - [TEST_STEP][PASSED] - tap: Tapped on element 'Object Repository/SignIN/android.view.ViewGroup9'

2018-01-15 09:22:54 - [MESSAGE][WARNING] - Timeout '0' is invalid. Using default page load timeout: '30'

2018-01-15 09:22:55 - [MESSAGE][PASSED] - Tapped on element 'Object Repository/SignIN/android.view.ViewGroup9'

2018-01-15 09:22:55 - [TEST_STEP][PASSED] - tap: Tapped on element 'Object Repository/SignIN/android.view.ViewGroup9 (1)'

2018-01-15 09:22:55 - [MESSAGE][WARNING] - Timeout '0' is invalid. Using default page load timeout: '30'

2018-01-15 09:22:56 - [MESSAGE][PASSED] - Tapped on element 'Object Repository/SignIN/android.view.ViewGroup9 (1)']]></system-out>
         <system-err><![CDATA[]]></system-err>
      </testcase>
      <testcase name="Test Cases/TripRequest" classname="Test Cases/TripRequest" status="FAILED">
         <failure type="FAILED" message="Failed to tap on element 'Object Repository/TripRequest/android.view.ViewGroup7' (Root cause: Object Object Repository/TripRequest/android.view.ViewGroup7 not found)"/>
         <system-out><![CDATA[2018-01-15 09:22:56 - [TEST_CASE][FAILED] - Test Cases/TripRequest: Test Cases/TripRequest FAILED because (of) Failed to tap on element 'Object Repository/TripRequest/android.view.ViewGroup7' (Root cause: Object Object Repository/TripRequest/android.view.ViewGroup7 not found)

2018-01-15 09:22:56 - [TEST_STEP][PASSED] - startApplication: Started app at: 'C:\Users\Pasindu\Desktop\Avonet\drive-download-20180104T074633Z-001\app-passenger.apk'

2018-01-15 09:24:26 - [MESSAGE][PASSED] - Started app at: 'C:\Users\Pasindu\Desktop\Avonet\drive-download-20180104T074633Z-001\app-passenger.apk'

2018-01-15 09:24:26 - [TEST_STEP][FAILED] - tap: Failed to tap on element 'Object Repository/TripRequest/android.view.ViewGroup7' (Root cause: Object Object Repository/TripRequest/android.view.ViewGroup7 not found)

2018-01-15 09:24:26 - [MESSAGE][WARNING] - Timeout '0' is invalid. Using default page load timeout: '30'

2018-01-15 09:24:57 - [MESSAGE][FAILED] - Object Object Repository/TripRequest/android.view.ViewGroup7 not found

2018-01-15 09:24:57 - [MESSAGE][FAILED] - Failed to tap on element 'Object Repository/TripRequest/android.view.ViewGroup7' (Root cause: Object Object Repository/TripRequest/android.view.ViewGroup7 not found)]]></system-out>
         <system-err><![CDATA[2018-01-15 09:22:56 - [TEST_CASE][FAILED] - Test Cases/TripRequest: Test Cases/TripRequest FAILED because (of) Failed to tap on element 'Object Repository/TripRequest/android.view.ViewGroup7' (Root cause: Object Object Repository/TripRequest/android.view.ViewGroup7 not found)]]></system-err>
      </testcase>
      <system-out><![CDATA[2018-01-15 09:20:45 - [TEST_SUITE][FAILED] - BCONMobile: Test Cases/TripRequest FAILED because (of) Failed to tap on element 'Object Repository/TripRequest/android.view.ViewGroup7' (Root cause: Object Object Repository/TripRequest/android.view.ViewGroup7 not found)]]></system-out>
      <system-err><![CDATA[2018-01-15 09:20:45 - [TEST_SUITE][FAILED] - BCONMobile: Test Cases/TripRequest FAILED because (of) Failed to tap on element 'Object Repository/TripRequest/android.view.ViewGroup7' (Root cause: Object Object Repository/TripRequest/android.view.ViewGroup7 not found)]]></system-err>
   </testsuite>
</testsuites>
